0 info it worked if it ends with ok
1 verbose cli [ '/usr/local/Cellar/node/7.2.0/bin/node',
1 verbose cli   '/usr/local/lib/node_modules/cnpm/node_modules/.bin/npm',
1 verbose cli   '--userconfig=/Users/huangwenwei/.cnpmrc',
1 verbose cli   '--disturl=https://npm.taobao.org/mirrors/node',
1 verbose cli   '--registry=https://registry.npm.taobao.org',
1 verbose cli   'uninstall',
1 verbose cli   'cryptojs' ]
2 info using npm@3.9.6
3 info using node@v7.2.0
4 silly loadCurrentTree Starting
5 silly install loadCurrentTree
6 silly install readLocalPackageData
7 silly install normalizeTree
8 silly loadCurrentTree Finishing
9 silly loadIdealTree Starting
10 silly install loadIdealTree
11 silly cloneCurrentTree Starting
12 silly install cloneCurrentTreeToIdealTree
13 silly cloneCurrentTree Finishing
14 silly loadShrinkwrap Starting
15 silly install loadShrinkwrap
16 silly loadShrinkwrap Finishing
17 silly loadAllDepsIntoIdealTree Starting
18 silly uninstall loadAllDepsIntoIdealtree
19 verbose stack RangeError: Maximum call stack size exceeded
19 verbose stack     at Array.types.E (/usr/local/lib/node_modules/cnpm/node_modules/npm/node_modules/aproba/index.js:11:50)
19 verbose stack     at types.O (/usr/local/lib/node_modules/cnpm/node_modules/npm/node_modules/aproba/index.js:9:108)
19 verbose stack     at module.exports (/usr/local/lib/node_modules/cnpm/node_modules/npm/node_modules/aproba/index.js:26:10)
19 verbose stack     at flatNameFromTree (/usr/local/lib/node_modules/cnpm/node_modules/npm/lib/install/deps.js:457:3)
19 verbose stack     at flatNameFromTree (/usr/local/lib/node_modules/cnpm/node_modules/npm/lib/install/deps.js:459:14)
19 verbose stack     at flatNameFromTree (/usr/local/lib/node_modules/cnpm/node_modules/npm/lib/install/deps.js:459:14)
19 verbose stack     at flatNameFromTree (/usr/local/lib/node_modules/cnpm/node_modules/npm/lib/install/deps.js:459:14)
19 verbose stack     at flatNameFromTree (/usr/local/lib/node_modules/cnpm/node_modules/npm/lib/install/deps.js:459:14)
19 verbose stack     at flatNameFromTree (/usr/local/lib/node_modules/cnpm/node_modules/npm/lib/install/deps.js:459:14)
19 verbose stack     at flatNameFromTree (/usr/local/lib/node_modules/cnpm/node_modules/npm/lib/install/deps.js:459:14)
20 verbose cwd /Users/huangwenwei/Desktop/zxy_sourcetree/zxy-student-frontend
21 error Darwin 16.1.0
22 error argv "/usr/local/Cellar/node/7.2.0/bin/node" "/usr/local/lib/node_modules/cnpm/node_modules/.bin/npm" "--userconfig=/Users/huangwenwei/.cnpmrc" "--disturl=https://npm.taobao.org/mirrors/node" "--registry=https://registry.npm.taobao.org" "uninstall" "cryptojs"
23 error node v7.2.0
24 error npm  v3.9.6
25 error Maximum call stack size exceeded
26 error If you need help, you may report this error at:
26 error     <https://github.com/npm/npm/issues>
27 verbose exit [ 1, true ]
